Logging to logout.dat
_no_of_nodes 128
K 8
Queue type 7
1
355-144
5-3
202-1555
219-95
1333-69
2-9
3-2
186-97
2-4
13-17
7-20
46-194
4-3
8-3
2222-2944
1444-305
53-1500
127-109
1-97
28-5
536-2055
2-2
1-214
230-12
1-1277
5-463
1-17
1-2
3277-430
2-7
8-7
347-95
33-139
3-24
53-347
8-1
7-2
2722-1
3-4
189-1777
8-7
186-5
5-73
522-30
2-2
4-1
247-1
1500-3
1-3
2166-1
8-7
1-44
1-2
77-14
522-6
4-313
1-5
536-141
6-55
1-547
2-1
2666-202
555-191
388-3
2-6
10-119
4-438
177-1
8-5
82-3
9-247
1-6
6-102
1777-6
1777-1
133-21
3-513
152-7
55-1
4-8
100-2
1-1
6-7
488-2
313-3
3-480
2-263
530-73
4-1
97-2
2333-197
20-338
71-2
413-86
6-200
1611-130
5-2
263-3
95-5
1333-9
7-13
2-5
2222-5
1555-64
1-1500
488-247
57-109
6-62
39-9
2-38
205-60
3-8
6-4
2-222
1-1
2-1
13-1
5-111
1-536
1222-3
1-413
1-1
7-4
177-505
2944-1
1889-1
95-116
5-447
164-12
4-1666
3-12
2-1833
19-263
2-71
1-1889
144-463
1-20
214-175
1-214
161-26
1-1
2222-216
1-463
8-5
1-62
2-10
219-18
147-1
71-330
2555-8
55-7
175-1
1-55
1-6
8-1
1-5
1-536
2-263
7-18
280-3222
17-57
172-152
1-6
1-388
3277-2166
2-183
513-3
1-2
3277-497
1-2555
455-1
1-1166
536-2
1611-177
21-5
1-14
1-13
5-7
1389-4
280-1444
4-438
13-4
18-2
6-62
97-89
1-15
8-2
172-536
3-4
3111-1611
17-189
480-1
164-6
46-55
1-2555
164-1
330-2111
1666-438
463-42
322-1611
2833-2
158-1
1166-1
2944-2
80-536
7-1
1-1444
322-1
513-34
1-7
64-6
2-3
46-1333
2-1
111-263
3-169
3-4
2-8
1-2
51-109
2-62
66-1
8-230
2666-109
2-93
11-3
130-247
1-1
7-1
20-1
2055-2
6-1
4-513
380-1
6-19
536-7
4-272
21-1666
330-8
2-18
89-2
7-51
7-536
3-4
122-8
1-91
41-62
1-6
5-3
106-2
86-2
55-372
4-22
1-3
30-8
44-2
155-32
2-9
2-288
1-2389
472-150
1-4
1-536
80-119
3-1
1-122
536-32
3-1
1-438
6-172
2389-194
180-536
1-150
191-1611
1444-208
422-1
3-2
1166-247
8-161
1-177
7-1
380-2889
3-372
1-22
1-1
7-4
136-73
8-488
1-18
3-82
1277-3
41-186
338-1
280-5
3-2
1-3
62-64
4-7
6-1
1833-200
19-205
2-438
73-1
177-8
1-1
497-1
8-21
2-10
3-1555
2944-2
4-208
5-5
536-1
1-1833
438-53
133-8
1-42
3000-8
2-172
7-1
1-2
71-194
1-80
1-3
1-1
200-1
20-7
18-2111
8-2
4-197
3-1889
30-1
39-3
21-330
313-191
1-1
1611-180
1-191
305-3
4-488
4-4
44-6
3-5
2-3
33-28
1-164
5-5
6-4
2-5
1-22
536-6
3-86
150-7
2-3
13-2
97-3
3-1
536-7
363-1
5-536
130-247
91-66
1-97
97-1
39-1
16-2389
536-1
2-2
71-3166
80-2
480-347
69-1
3-6
8-127
313-7
89-2
1166-1
1-6
5-69
152-4
1777-8
2-6
7-1
13-480
1944-3
219-1
21-4
3222-6
3-1
55-1
194-2611
2-447
7-1
438-230
77-5
32-158
21-2666
1-2389
111-547
8-5
1-197
8-42
263-1
5-5
5-15
2-2
130-230
17-2500
6-7
7-5
1-4
1-1444
21-1555
2-1
2-8
49-536
1611-3
7-44
2277-1
547-133
10-4
7-13
2166-89
7-55
6-6
200-3222
183-4
2500-1
3-5
41-536
1-513
69-505
2-1
27-1
1-2
20-12
21-313
1-2
14-6
536-422
23-405
505-5
1833-2333
7-1
216-2
3-46
488-4
4-35
547-104
164-536
7-66
2-8
1-538
130-89
1-136
2-208
44-3
1-55
2111-2
1-1
7-2
64-197
1-1
5-161
2-8
15-538
1-363
6-2
3277-5
1-1
75-7
3-2000
513-57
4-2
183-6
1166-19
166-2666
3-60
20-2944
20-2944
20-2944
1-9
1-2222
20-17
2111-1
1-1611
1666-6
7-202
2-2
19-21
141-7
2-8
10-211
1777-194
2-1666
5-3
3-2
2-1
114-139
175-208
95-133
536-139
388-3
82-62
380-1
2-413
1-5
8-397
513-5
4-1833
1-119
536-1222
Done
505
0
1
299.885
