Logging to logout.dat
_no_of_nodes 128
K 8
Queue type 7
1
RQ: 0 TXQ: 0 RXQ: 355
RQ: 1 TXQ: 0 RXQ: 360
RQ: 0 TXQ: 0 RXQ: 202
RQ: 1 TXQ: 0 RXQ: 421
RQ: 2 TXQ: 0 RXQ: 1754
RQ: 0 TXQ: 158 RXQ: 2
RQ: 0 TXQ: 72 RXQ: 3
RQ: 0 TXQ: 5 RXQ: 186
RQ: 1 TXQ: 5 RXQ: 188
RQ: 1 TXQ: 97 RXQ: 15
RQ: 2 TXQ: 95 RXQ: 22
RQ: 0 TXQ: 35 RXQ: 46
RQ: 1 TXQ: 31 RXQ: 50
RQ: 2 TXQ: 31 RXQ: 58
RQ: 0 TXQ: 214 RXQ: 2222
RQ: 0 TXQ: 3138 RXQ: 1444
RQ: 0 TXQ: 299 RXQ: 53
RQ: 0 TXQ: 1494 RXQ: 127
RQ: 0 TXQ: 103 RXQ: 1
RQ: 1 TXQ: 103 RXQ: 29
RQ: 0 TXQ: 96 RXQ: 536
RQ: 0 TXQ: 2054 RXQ: 2
RQ: 1 TXQ: 2049 RXQ: 3
RQ: 2 TXQ: 2049 RXQ: 233
RQ: 0 TXQ: 222 RXQ: 1
RQ: 1 TXQ: 220 RXQ: 6
RQ: 0 TXQ: 1746 RXQ: 1
RQ: 0 TXQ: 1751 RXQ: 1
RQ: 1 TXQ: 1751 RXQ: 3278
RQ: 0 TXQ: 906 RXQ: 2
RQ: 0 TXQ: 450 RXQ: 8
RQ: 0 TXQ: 440 RXQ: 347
RQ: 1 TXQ: 438 RXQ: 380
RQ: 0 TXQ: 242 RXQ: 3
RQ: 1 TXQ: 242 RXQ: 56
RQ: 1 TXQ: 259 RXQ: 61
RQ: 1 TXQ: 599 RXQ: 15
RQ: 0 TXQ: 507 RXQ: 2722
RQ: 0 TXQ: 369 RXQ: 3
RQ: 0 TXQ: 349 RXQ: 189
RQ: 0 TXQ: 1779 RXQ: 8
RQ: 1 TXQ: 1779 RXQ: 194
RQ: 2 TXQ: 1778 RXQ: 199
RQ: 3 TXQ: 1776 RXQ: 721
RQ: 4 TXQ: 1775 RXQ: 723
RQ: 5 TXQ: 1771 RXQ: 727
RQ: 0 TXQ: 108 RXQ: 247
RQ: 1 TXQ: 105 RXQ: 1747
RQ: 2 TXQ: 100 RXQ: 1748
RQ: 3 TXQ: 100 RXQ: 3914
RQ: 0 TXQ: 5 RXQ: 8
RQ: 1 TXQ: 1 RXQ: 9
RQ: 1 TXQ: 177 RXQ: 2
RQ: 2 TXQ: 174 RXQ: 79
RQ: 3 TXQ: 173 RXQ: 601
RQ: 0 TXQ: 62 RXQ: 4
RQ: 1 TXQ: 62 RXQ: 5
RQ: 0 TXQ: 336 RXQ: 536
RQ: 0 TXQ: 331 RXQ: 6
RQ: 1 TXQ: 329 RXQ: 7
RQ: 0 TXQ: 3263 RXQ: 2
RQ: 0 TXQ: 2951 RXQ: 2666
RQ: 1 TXQ: 2946 RXQ: 3221
RQ: 2 TXQ: 2946 RXQ: 3609
RQ: 0 TXQ: 200 RXQ: 2
RQ: 0 TXQ: 4 RXQ: 10
RQ: 1 TXQ: 1 RXQ: 14
RQ: 2 TXQ: 0 RXQ: 191
RQ: 3 TXQ: 0 RXQ: 199
RQ: 3 TXQ: 3 RXQ: 271
RQ: 3 TXQ: 0 RXQ: 276
RQ: 4 TXQ: 0 RXQ: 277
RQ: 3 TXQ: 68 RXQ: 98
RQ: 0 TXQ: 3 RXQ: 1777
RQ: 1 TXQ: 3 RXQ: 3554
RQ: 1 TXQ: 19 RXQ: 1910
RQ: 0 TXQ: 23 RXQ: 3
RQ: 0 TXQ: 18 RXQ: 152
RQ: 1 TXQ: 18 RXQ: 207
RQ: 0 TXQ: 5 RXQ: 4
RQ: 1 TXQ: 2 RXQ: 104
RQ: 1 TXQ: 38 RXQ: 101
RQ: 2 TXQ: 37 RXQ: 107
RQ: 3 TXQ: 37 RXQ: 595
RQ: 0 TXQ: 1920 RXQ: 313
RQ: 0 TXQ: 1614 RXQ: 3
RQ: 1 TXQ: 1613 RXQ: 5
RQ: 2 TXQ: 1612 RXQ: 535
RQ: 0 TXQ: 489 RXQ: 4
RQ: 1 TXQ: 489 RXQ: 101
RQ: 2 TXQ: 482 RXQ: 2434
RQ: 2 TXQ: 479 RXQ: 2450
RQ: 0 TXQ: 578 RXQ: 71
RQ: 1 TXQ: 574 RXQ: 484
RQ: 2 TXQ: 573 RXQ: 490
RQ: 0 TXQ: 496 RXQ: 1611
RQ: 1 TXQ: 496 RXQ: 1616
RQ: 0 TXQ: 584 RXQ: 263
RQ: 0 TXQ: 249 RXQ: 95
RQ: 0 TXQ: 218 RXQ: 1333
RQ: 1 TXQ: 217 RXQ: 1340
RQ: 0 TXQ: 145 RXQ: 2
RQ: 0 TXQ: 20 RXQ: 2222
RQ: 1 TXQ: 18 RXQ: 3777
RQ: 0 TXQ: 1501 RXQ: 1
RQ: 1 TXQ: 1496 RXQ: 489
RQ: 2 TXQ: 1496 RXQ: 546
RQ: 3 TXQ: 1494 RXQ: 552
RQ: 0 TXQ: 604 RXQ: 39
RQ: 1 TXQ: 601 RXQ: 41
RQ: 0 TXQ: 607 RXQ: 205
RQ: 0 TXQ: 75 RXQ: 3
RQ: 1 TXQ: 75 RXQ: 9
RQ: 1 TXQ: 288 RXQ: 8
RQ: 0 TXQ: 230 RXQ: 1
RQ: 1 TXQ: 222 RXQ: 3
RQ: 1 TXQ: 219 RXQ: 15
RQ: 0 TXQ: 124 RXQ: 5
RQ: 1 TXQ: 123 RXQ: 6
RQ: 2 TXQ: 123 RXQ: 1228
RQ: 3 TXQ: 122 RXQ: 1229
RQ: 4 TXQ: 121 RXQ: 1230
RQ: 0 TXQ: 579 RXQ: 7
RQ: 0 TXQ: 632 RXQ: 177
RQ: 0 TXQ: 1066 RXQ: 2944
RQ: 0 TXQ: 654 RXQ: 1889
RQ: 1 TXQ: 653 RXQ: 1984
RQ: 2 TXQ: 653 RXQ: 1989
RQ: 3 TXQ: 649 RXQ: 2153
RQ: 0 TXQ: 1857 RXQ: 4
RQ: 0 TXQ: 1800 RXQ: 3
RQ: 0 TXQ: 1899 RXQ: 2
RQ: 0 TXQ: 1796 RXQ: 19
RQ: 0 TXQ: 2003 RXQ: 2
RQ: 0 TXQ: 247 RXQ: 1
RQ: 0 TXQ: 3216 RXQ: 144
RQ: 0 TXQ: 14 RXQ: 1
RQ: 0 TXQ: 169 RXQ: 214
RQ: 1 TXQ: 169 RXQ: 215
RQ: 0 TXQ: 210 RXQ: 161
RQ: 0 TXQ: 3 RXQ: 1
RQ: 1 TXQ: 1 RXQ: 2223
RQ: 2 TXQ: 1 RXQ: 2224
RQ: 2 TXQ: 436 RXQ: 2231
RQ: 0 TXQ: 108 RXQ: 1
RQ: 0 TXQ: 93 RXQ: 2
RQ: 1 TXQ: 88 RXQ: 221
RQ: 2 TXQ: 88 RXQ: 368
RQ: 0 TXQ: 186 RXQ: 71
RQ: 0 TXQ: 454 RXQ: 2555
RQ: 0 TXQ: 437 RXQ: 55
RQ: 1 TXQ: 436 RXQ: 230
RQ: 0 TXQ: 589 RXQ: 1
RQ: 1 TXQ: 589 RXQ: 2
RQ: 0 TXQ: 320 RXQ: 8
RQ: 1 TXQ: 319 RXQ: 9
RQ: 2 TXQ: 318 RXQ: 10
RQ: 0 TXQ: 726 RXQ: 2
RQ: 0 TXQ: 934 RXQ: 7
RQ: 1 TXQ: 928 RXQ: 287
RQ: 2 TXQ: 928 RXQ: 304
RQ: 2 TXQ: 930 RXQ: 469
RQ: 0 TXQ: 453 RXQ: 1
RQ: 0 TXQ: 325 RXQ: 1
RQ: 0 TXQ: 111 RXQ: 3277
RQ: 0 TXQ: 256 RXQ: 2
RQ: 1 TXQ: 255 RXQ: 515
RQ: 2 TXQ: 254 RXQ: 516
RQ: 3 TXQ: 254 RXQ: 3793
RQ: 0 TXQ: 0 RXQ: 1
RQ: 0 TXQ: 0 RXQ: 455
RQ: 1 TXQ: 0 RXQ: 456
RQ: 0 TXQ: 177 RXQ: 536
RQ: 0 TXQ: 0 RXQ: 1611
RQ: 1 TXQ: 0 RXQ: 1632
RQ: 2 TXQ: 0 RXQ: 1633
RQ: 1 TXQ: 2 RXQ: 2
RQ: 1 TXQ: 8 RXQ: 6
RQ: 2 TXQ: 8 RXQ: 1395
RQ: 1 TXQ: 4 RXQ: 1669
RQ: 1 TXQ: 72 RXQ: 284
RQ: 1 TXQ: 65 RXQ: 17
RQ: 0 TXQ: 435 RXQ: 18
RQ: 1 TXQ: 435 RXQ: 24
RQ: 2 TXQ: 433 RXQ: 121
RQ: 0 TXQ: 166 RXQ: 1
RQ: 1 TXQ: 165 RXQ: 9
RQ: 0 TXQ: 132 RXQ: 172
RQ: 0 TXQ: 648 RXQ: 3
RQ: 1 TXQ: 648 RXQ: 3114
RQ: 0 TXQ: 2706 RXQ: 17
RQ: 0 TXQ: 2881 RXQ: 480
RQ: 0 TXQ: 2016 RXQ: 164
RQ: 0 TXQ: 1882 RXQ: 46
RQ: 0 TXQ: 50 RXQ: 1
RQ: 0 TXQ: 483 RXQ: 164
RQ: 1 TXQ: 483 RXQ: 494
RQ: 2 TXQ: 482 RXQ: 2160
RQ: 0 TXQ: 167 RXQ: 463
RQ: 0 TXQ: 4 RXQ: 322
RQ: 1 TXQ: 0 RXQ: 3155
RQ: 2 TXQ: 0 RXQ: 3313
RQ: 2 TXQ: 129 RXQ: 4157
RQ: 0 TXQ: 0 RXQ: 2944
RQ: 1 TXQ: 0 RXQ: 3024
RQ: 2 TXQ: 0 RXQ: 3031
RQ: 0 TXQ: 531 RXQ: 1
RQ: 1 TXQ: 531 RXQ: 323
RQ: 0 TXQ: 66 RXQ: 513
RQ: 1 TXQ: 65 RXQ: 514
RQ: 1 TXQ: 92 RXQ: 65
RQ: 0 TXQ: 40 RXQ: 2
RQ: 1 TXQ: 40 RXQ: 48
RQ: 0 TXQ: 11 RXQ: 2
RQ: 1 TXQ: 6 RXQ: 113
RQ: 1 TXQ: 0 RXQ: 114
RQ: 1 TXQ: 6 RXQ: 6
RQ: 2 TXQ: 4 RXQ: 8
RQ: 3 TXQ: 4 RXQ: 9
RQ: 4 TXQ: 3 RXQ: 60
RQ: 4 TXQ: 3271 RXQ: 59
RQ: 0 TXQ: 0 RXQ: 66
RQ: 0 TXQ: 0 RXQ: 8
RQ: 1 TXQ: 0 RXQ: 2674
RQ: 0 TXQ: 0 RXQ: 2
RQ: 1 TXQ: 0 RXQ: 13
RQ: 2 TXQ: 0 RXQ: 143
RQ: 0 TXQ: 15 RXQ: 1
RQ: 1 TXQ: 14 RXQ: 8
RQ: 0 TXQ: 0 RXQ: 20
RQ: 1 TXQ: 0 RXQ: 2075
RQ: 2 TXQ: 0 RXQ: 2081
RQ: 3 TXQ: 0 RXQ: 2085
RQ: 0 TXQ: 1660 RXQ: 380
RQ: 0 TXQ: 0 RXQ: 6
RQ: 1 TXQ: 0 RXQ: 542
RQ: 2 TXQ: 0 RXQ: 546
RQ: 0 TXQ: 1668 RXQ: 21
RQ: 0 TXQ: 143 RXQ: 330
RQ: 0 TXQ: 137 RXQ: 2
RQ: 1 TXQ: 137 RXQ: 91
RQ: 0 TXQ: 542 RXQ: 7
RQ: 1 TXQ: 540 RXQ: 14
RQ: 1 TXQ: 532 RXQ: 10
RQ: 0 TXQ: 4 RXQ: 122
RQ: 1 TXQ: 4 RXQ: 123
RQ: 2 TXQ: 2 RXQ: 164
RQ: 2 TXQ: 6 RXQ: 43
RQ: 3 TXQ: 3 RXQ: 48
RQ: 2 TXQ: 2 RXQ: 112
RQ: 3 TXQ: 0 RXQ: 198
RQ: 4 TXQ: 0 RXQ: 253
RQ: 4 TXQ: 93 RXQ: 256
RQ: 0 TXQ: 861 RXQ: 1
RQ: 0 TXQ: 869 RXQ: 30
RQ: 0 TXQ: 483 RXQ: 44
RQ: 0 TXQ: 469 RXQ: 155
RQ: 1 TXQ: 466 RXQ: 157
RQ: 2 TXQ: 466 RXQ: 159
RQ: 0 TXQ: 3070 RXQ: 1
RQ: 0 TXQ: 2694 RXQ: 472
RQ: 1 TXQ: 2692 RXQ: 473
RQ: 1 TXQ: 3220 RXQ: 2
RQ: 1 TXQ: 3218 RXQ: 81
RQ: 0 TXQ: 0 RXQ: 3
RQ: 0 TXQ: 0 RXQ: 1
RQ: 1 TXQ: 0 RXQ: 537
RQ: 0 TXQ: 26 RXQ: 3
RQ: 0 TXQ: 2438 RXQ: 1
RQ: 1 TXQ: 2438 RXQ: 7
RQ: 0 TXQ: 2 RXQ: 2389
RQ: 1 TXQ: 1 RXQ: 2569
RQ: 1 TXQ: 536 RXQ: 181
RQ: 2 TXQ: 536 RXQ: 372
RQ: 0 TXQ: 1913 RXQ: 1444
RQ: 0 TXQ: 1971 RXQ: 422
RQ: 0 TXQ: 1814 RXQ: 3
RQ: 0 TXQ: 205 RXQ: 1166
RQ: 1 TXQ: 205 RXQ: 1174
RQ: 0 TXQ: 159 RXQ: 1
RQ: 1 TXQ: 158 RXQ: 8
RQ: 2 TXQ: 156 RXQ: 388
RQ: 3 TXQ: 155 RXQ: 391
RQ: 0 TXQ: 0 RXQ: 1
RQ: 0 TXQ: 0 RXQ: 1
RQ: 1 TXQ: 0 RXQ: 8
RQ: 0 TXQ: 3 RXQ: 136
RQ: 0 TXQ: 72 RXQ: 8
RQ: 1 TXQ: 72 RXQ: 9
RQ: 0 TXQ: 500 RXQ: 3
RQ: 0 TXQ: 94 RXQ: 1277
RQ: 0 TXQ: 79 RXQ: 41
RQ: 1 TXQ: 79 RXQ: 379
RQ: 0 TXQ: 184 RXQ: 280
RQ: 1 TXQ: 181 RXQ: 287
RQ: 0 TXQ: 2 RXQ: 1
RQ: 1 TXQ: 1 RXQ: 2
RQ: 2 TXQ: 1 RXQ: 64
RQ: 3 TXQ: 0 RXQ: 70
RQ: 3 TXQ: 6 RXQ: 1902
RQ: 3 TXQ: 60 RXQ: 1920
RQ: 0 TXQ: 407 RXQ: 2
RQ: 0 TXQ: 1733 RXQ: 73
RQ: 1 TXQ: 1733 RXQ: 80
RQ: 2 TXQ: 1732 RXQ: 81
RQ: 0 TXQ: 1542 RXQ: 497
RQ: 0 TXQ: 1338 RXQ: 6
RQ: 0 TXQ: 26 RXQ: 2
RQ: 1 TXQ: 25 RXQ: 143
RQ: 1 TXQ: 27 RXQ: 196
RQ: 2 TXQ: 27 RXQ: 743
RQ: 3 TXQ: 26 RXQ: 748
RQ: 4 TXQ: 25 RXQ: 1284
RQ: 1 TXQ: 1773 RXQ: 727
RQ: 1 TXQ: 1764 RXQ: 629
RQ: 0 TXQ: 375 RXQ: 133
RQ: 1 TXQ: 373 RXQ: 134
RQ: 0 TXQ: 612 RXQ: 3000
RQ: 1 TXQ: 612 RXQ: 3119
RQ: 2 TXQ: 608 RXQ: 3121
RQ: 3 TXQ: 607 RXQ: 3559
RQ: 0 TXQ: 259 RXQ: 1
RQ: 1 TXQ: 251 RXQ: 6
RQ: 0 TXQ: 724 RXQ: 247
RQ: 1 TXQ: 723 RXQ: 447
RQ: 0 TXQ: 634 RXQ: 102
RQ: 0 TXQ: 953 RXQ: 6
RQ: 1 TXQ: 953 RXQ: 7
RQ: 0 TXQ: 599 RXQ: 18
RQ: 0 TXQ: 522 RXQ: 4
RQ: 1 TXQ: 519 RXQ: 517
RQ: 0 TXQ: 16 RXQ: 30
RQ: 0 TXQ: 1898 RXQ: 8
RQ: 1 TXQ: 1896 RXQ: 29
RQ: 2 TXQ: 1896 RXQ: 31
RQ: 3 TXQ: 1893 RXQ: 32
RQ: 4 TXQ: 1891 RXQ: 34
RQ: 3 TXQ: 2348 RXQ: 310
RQ: 0 TXQ: 1289 RXQ: 3
RQ: 0 TXQ: 846 RXQ: 263
RQ: 1 TXQ: 844 RXQ: 336
RQ: 0 TXQ: 992 RXQ: 2
RQ: 1 TXQ: 992 RXQ: 5
RQ: 0 TXQ: 1151 RXQ: 2
RQ: 0 TXQ: 892 RXQ: 2
RQ: 0 TXQ: 706 RXQ: 200
RQ: 0 TXQ: 687 RXQ: 5
RQ: 0 TXQ: 943 RXQ: 6
RQ: 1 TXQ: 940 RXQ: 11
RQ: 0 TXQ: 854 RXQ: 9
RQ: 1 TXQ: 853 RXQ: 545
RQ: 2 TXQ: 853 RXQ: 550
RQ: 3 TXQ: 849 RXQ: 553
RQ: 3 TXQ: 846 RXQ: 694
RQ: 4 TXQ: 845 RXQ: 758
RQ: 0 TXQ: 1540 RXQ: 13
RQ: 0 TXQ: 1305 RXQ: 97
RQ: 0 TXQ: 1143 RXQ: 247
RQ: 1 TXQ: 1141 RXQ: 356
RQ: 0 TXQ: 751 RXQ: 363
RQ: 1 TXQ: 745 RXQ: 401
RQ: 2 TXQ: 745 RXQ: 406
RQ: 0 TXQ: 672 RXQ: 130
RQ: 0 TXQ: 587 RXQ: 91
RQ: 1 TXQ: 580 RXQ: 92
RQ: 1 TXQ: 580 RXQ: 98
RQ: 2 TXQ: 578 RXQ: 137
RQ: 3 TXQ: 577 RXQ: 673
RQ: 0 TXQ: 2995 RXQ: 536
RQ: 1 TXQ: 2994 RXQ: 539
RQ: 0 TXQ: 5742 RXQ: 2
RQ: 0 TXQ: 0 RXQ: 480
RQ: 1 TXQ: 0 RXQ: 483
RQ: 0 TXQ: 6 RXQ: 1
RQ: 1 TXQ: 6 RXQ: 9
RQ: 1 TXQ: 53 RXQ: 321
RQ: 0 TXQ: 11 RXQ: 89
RQ: 0 TXQ: 6 RXQ: 447
RQ: 1 TXQ: 6 RXQ: 599
RQ: 1 TXQ: 104 RXQ: 154
RQ: 2 TXQ: 102 RXQ: 1820
RQ: 0 TXQ: 69 RXQ: 12
RQ: 0 TXQ: 6 RXQ: 1833
RQ: 1 TXQ: 6 RXQ: 1840
RQ: 2 TXQ: 4 RXQ: 3784
RQ: 0 TXQ: 3002 RXQ: 263
RQ: 0 TXQ: 3 RXQ: 71
RQ: 0 TXQ: 5 RXQ: 1889
RQ: 1 TXQ: 4 RXQ: 1892
RQ: 2 TXQ: 4 RXQ: 2355
RQ: 2 TXQ: 201 RXQ: 521
RQ: 0 TXQ: 2 RXQ: 194
RQ: 1 TXQ: 1 RXQ: 220
RQ: 2 TXQ: 0 RXQ: 221
RQ: 3 TXQ: 0 RXQ: 437
RQ: 3 TXQ: 447 RXQ: 706
RQ: 0 TXQ: 238 RXQ: 21
RQ: 0 TXQ: 166 RXQ: 10
RQ: 1 TXQ: 163 RXQ: 11
RQ: 1 TXQ: 159 RXQ: 9
RQ: 2 TXQ: 159 RXQ: 17
RQ: 3 TXQ: 153 RXQ: 24
RQ: 0 TXQ: 1095 RXQ: 8
RQ: 1 TXQ: 1094 RXQ: 13
RQ: 0 TXQ: 786 RXQ: 1
RQ: 0 TXQ: 246 RXQ: 5
RQ: 1 TXQ: 245 RXQ: 7
RQ: 2 TXQ: 245 RXQ: 24
RQ: 2 TXQ: 263 RXQ: 37
RQ: 0 TXQ: 313 RXQ: 6
RQ: 0 TXQ: 272 RXQ: 3222
RQ: 0 TXQ: 272 RXQ: 21
RQ: 0 TXQ: 253 RXQ: 2
RQ: 0 TXQ: 1682 RXQ: 1611
RQ: 1 TXQ: 1680 RXQ: 1618
RQ: 2 TXQ: 1680 RXQ: 1624
RQ: 0 TXQ: 2022 RXQ: 388
RQ: 0 TXQ: 2086 RXQ: 3
RQ: 1 TXQ: 2085 RXQ: 13
RQ: 0 TXQ: 576 RXQ: 2
RQ: 0 TXQ: 41 RXQ: 7
RQ: 1 TXQ: 41 RXQ: 2173
RQ: 0 TXQ: 456 RXQ: 7
RQ: 1 TXQ: 454 RXQ: 504
RQ: 2 TXQ: 453 RXQ: 3059
RQ: 3 TXQ: 449 RXQ: 3065
RQ: 0 TXQ: 633 RXQ: 1166
RQ: 1 TXQ: 633 RXQ: 1343
RQ: 0 TXQ: 2261 RXQ: 2500
RQ: 0 TXQ: 2208 RXQ: 14
RQ: 0 TXQ: 2205 RXQ: 41
RQ: 0 TXQ: 1810 RXQ: 4
RQ: 1 TXQ: 1806 RXQ: 1448
RQ: 0 TXQ: 762 RXQ: 27
RQ: 1 TXQ: 762 RXQ: 31
RQ: 2 TXQ: 760 RXQ: 33
RQ: 3 TXQ: 757 RXQ: 54
RQ: 0 TXQ: 2427 RXQ: 1
RQ: 0 TXQ: 2320 RXQ: 2
RQ: 0 TXQ: 1808 RXQ: 4
RQ: 0 TXQ: 1755 RXQ: 23
RQ: 1 TXQ: 1754 RXQ: 528
RQ: 2 TXQ: 1754 RXQ: 529
RQ: 0 TXQ: 528 RXQ: 6
RQ: 0 TXQ: 1716 RXQ: 7
RQ: 1 TXQ: 1714 RXQ: 223
RQ: 2 TXQ: 1713 RXQ: 2778
RQ: 3 TXQ: 1711 RXQ: 2781
RQ: 0 TXQ: 2785 RXQ: 4
RQ: 0 TXQ: 2809 RXQ: 547
RQ: 0 TXQ: 2807 RXQ: 2111
RQ: 1 TXQ: 2807 RXQ: 2549
RQ: 0 TXQ: 639 RXQ: 42
RQ: 1 TXQ: 634 RXQ: 1653
RQ: 0 TXQ: 673 RXQ: 1
RQ: 0 TXQ: 138 RXQ: 44
RQ: 0 TXQ: 5 RXQ: 1
RQ: 1 TXQ: 5 RXQ: 2
RQ: 1 TXQ: 1 RXQ: 3
RQ: 2 TXQ: 0 RXQ: 4
RQ: 3 TXQ: 0 RXQ: 1448
RQ: 3 TXQ: 4 RXQ: 1448
RQ: 3 TXQ: 0 RXQ: 1447
RQ: 4 TXQ: 0 RXQ: 1453
RQ: 4 TXQ: 0 RXQ: 2785
RQ: 4 TXQ: 0 RXQ: 1356
RQ: 4 TXQ: 8 RXQ: 1356
RQ: 3 TXQ: 1 RXQ: 1612
RQ: 4 TXQ: 0 RXQ: 1781
RQ: 4 TXQ: 362 RXQ: 452
RQ: 5 TXQ: 362 RXQ: 453
RQ: 0 TXQ: 2166 RXQ: 513
RQ: 1 TXQ: 2161 RXQ: 575
RQ: 0 TXQ: 2013 RXQ: 4
RQ: 0 TXQ: 2012 RXQ: 1
RQ: 1 TXQ: 2011 RXQ: 184
RQ: 1 TXQ: 2023 RXQ: 413
RQ: 0 TXQ: 2668 RXQ: 93
RQ: 0 TXQ: 2668 RXQ: 166
RQ: 0 TXQ: 55 RXQ: 3
RQ: 0 TXQ: 477 RXQ: 1
RQ: 1 TXQ: 477 RXQ: 2
RQ: 0 TXQ: 444 RXQ: 1
RQ: 0 TXQ: 17 RXQ: 20
RQ: 0 TXQ: 0 RXQ: 1
RQ: 1 TXQ: 0 RXQ: 8
RQ: 2 TXQ: 0 RXQ: 10
RQ: 3 TXQ: 0 RXQ: 29
RQ: 4 TXQ: 0 RXQ: 48
RQ: 0 TXQ: 134 RXQ: 7
RQ: 1 TXQ: 133 RXQ: 25
RQ: 0 TXQ: 32 RXQ: 2
RQ: 1 TXQ: 32 RXQ: 53
RQ: 2 TXQ: 30 RXQ: 1830
RQ: 0 TXQ: 1870 RXQ: 4
RQ: 1 TXQ: 1863 RXQ: 12
RQ: 0 TXQ: 1859 RXQ: 91
RQ: 1 TXQ: 1858 RXQ: 153
RQ: 0 TXQ: 1839 RXQ: 2
RQ: 1 TXQ: 1839 RXQ: 116
RQ: 0 TXQ: 2029 RXQ: 175
RQ: 0 TXQ: 1939 RXQ: 2
RQ: 0 TXQ: 197 RXQ: 536
RQ: 1 TXQ: 196 RXQ: 544
RQ: 2 TXQ: 196 RXQ: 546
RQ: 0 TXQ: 438 RXQ: 1
RQ: 1 TXQ: 433 RXQ: 514
RQ: 0 TXQ: 2883 RXQ: 32
RQ: 0 TXQ: 0 RXQ: 150
RQ: 1 TXQ: 0 RXQ: 154
RQ: 2 TXQ: 0 RXQ: 155
RQ: 1 TXQ: 0 RXQ: 537
RQ: 2 TXQ: 0 RXQ: 540
RQ: 0 TXQ: 126 RXQ: 8
RQ: 1 TXQ: 126 RXQ: 15
RQ: 2 TXQ: 119 RXQ: 16
RQ: 0 TXQ: 20 RXQ: 1
RQ: 1 TXQ: 14 RXQ: 8
RQ: 1 TXQ: 88 RXQ: 1618
RQ: 2 TXQ: 88 RXQ: 1619
RQ: 1 TXQ: 3074 RXQ: 3
RQ: 0 TXQ: 3000 RXQ: 1
RQ: 1 TXQ: 2997 RXQ: 439
RQ: 0 TXQ: 0 RXQ: 172
RQ: 1 TXQ: 0 RXQ: 366
RQ: 2 TXQ: 0 RXQ: 384
RQ: 3 TXQ: 0 RXQ: 385
RQ: 4 TXQ: 0 RXQ: 2496
RQ: 5 TXQ: 0 RXQ: 2498
RQ: 5 TXQ: 0 RXQ: 2573
RQ: 0 TXQ: 552 RXQ: 2
RQ: 1 TXQ: 547 RXQ: 3
RQ: 2 TXQ: 547 RXQ: 1947
RQ: 0 TXQ: 834 RXQ: 177
RQ: 1 TXQ: 828 RXQ: 279
RQ: 0 TXQ: 413 RXQ: 6
RQ: 1 TXQ: 410 RXQ: 12
RQ: 0 TXQ: 2197 RXQ: 69
RQ: 1 TXQ: 2193 RXQ: 72
RQ: 0 TXQ: 0 RXQ: 1
RQ: 0 TXQ: 0 RXQ: 1
RQ: 1 TXQ: 0 RXQ: 2
RQ: 0 TXQ: 1 RXQ: 2
RQ: 0 TXQ: 13 RXQ: 8
RQ: 1 TXQ: 13 RXQ: 2063
RQ: 0 TXQ: 126 RXQ: 1
RQ: 1 TXQ: 121 RXQ: 9
RQ: 0 TXQ: 4 RXQ: 6
RQ: 1 TXQ: 4 RXQ: 7
RQ: 1 TXQ: 355 RXQ: 4
RQ: 2 TXQ: 351 RXQ: 540
RQ: 0 TXQ: 533 RXQ: 1
RQ: 1 TXQ: 531 RXQ: 96
RQ: 2 TXQ: 531 RXQ: 534
Done
549
